{"D:\\natah\\MINE\\Project\\TodoGit\\TodoList_Test\\src\\dbConnexion.ts": {"path":"D:\\natah\\MINE\\Project\\TodoGit\\TodoList_Test\\src\\dbConnexion.ts","statementMap":{"0":{"start":{"line":1,"column":0},"end":{"line":1,"column":26}},"1":{"start":{"line":3,"column":13},"end":{"line":9,"column":2}},"2":{"start":{"line":11,"column":0},"end":{"line":11,"column":20}}},"fnMap":{},"branchMap":{"0":{"loc":{"start":{"line":4,"column":10},"end":{"line":4,"column":42}},"type":"binary-expr","locations":[{"start":{"line":4,"column":10},"end":{"line":4,"column":28}},{"start":{"line":4,"column":32},"end":{"line":4,"column":42}}]},"1":{"loc":{"start":{"line":5,"column":10},"end":{"line":5,"column":43}},"type":"binary-expr","locations":[{"start":{"line":5,"column":10},"end":{"line":5,"column":28}},{"start":{"line":5,"column":32},"end":{"line":5,"column":43}}]},"2":{"loc":{"start":{"line":6,"column":14},"end":{"line":6,"column":55}},"type":"binary-expr","locations":[{"start":{"line":6,"column":14},"end":{"line":6,"column":36}},{"start":{"line":6,"column":40},"end":{"line":6,"column":55}}]},"3":{"loc":{"start":{"line":7,"column":14},"end":{"line":7,"column":46}},"type":"binary-expr","locations":[{"start":{"line":7,"column":14},"end":{"line":7,"column":36}},{"start":{"line":7,"column":40},"end":{"line":7,"column":46}}]},"4":{"loc":{"start":{"line":8,"column":10},"end":{"line":8,"column":44}},"type":"binary-expr","locations":[{"start":{"line":8,"column":10},"end":{"line":8,"column":36}},{"start":{"line":8,"column":40},"end":{"line":8,"column":44}}]}},"s":{"0":1,"1":1,"2":1},"f":{},"b":{"0":[1,1],"1":[1,1],"2":[1,1],"3":[1,1],"4":[1,1]}}
,"D:\\natah\\MINE\\Project\\TodoGit\\TodoList_Test\\src\\server.ts": {"path":"D:\\natah\\MINE\\Project\\TodoGit\\TodoList_Test\\src\\server.ts","statementMap":{"0":{"start":{"line":1,"column":0},"end":{"line":1,"column":24}},"1":{"start":{"line":2,"column":0},"end":{"line":2,"column":30}},"2":{"start":{"line":3,"column":0},"end":{"line":3,"column":26}},"3":{"start":{"line":5,"column":0},"end":{"line":5,"column":55}},"4":{"start":{"line":6,"column":0},"end":{"line":6,"column":61}},"5":{"start":{"line":7,"column":0},"end":{"line":7,"column":59}},"6":{"start":{"line":8,"column":0},"end":{"line":8,"column":41}},"7":{"start":{"line":9,"column":0},"end":{"line":9,"column":55}},"8":{"start":{"line":11,"column":13},"end":{"line":11,"column":37}},"9":{"start":{"line":14,"column":20},"end":{"line":51,"column":1}},"10":{"start":{"line":15,"column":4},"end":{"line":15,"column":60}},"11":{"start":{"line":16,"column":4},"end":{"line":16,"column":36}},"12":{"start":{"line":17,"column":4},"end":{"line":17,"column":60}},"13":{"start":{"line":18,"column":4},"end":{"line":18,"column":60}},"14":{"start":{"line":19,"column":4},"end":{"line":19,"column":36}},"15":{"start":{"line":21,"column":4},"end":{"line":21,"column":60}},"16":{"start":{"line":22,"column":4},"end":{"line":22,"column":43}},"17":{"start":{"line":23,"column":4},"end":{"line":23,"column":60}},"18":{"start":{"line":24,"column":4},"end":{"line":24,"column":36}},"19":{"start":{"line":25,"column":4},"end":{"line":25,"column":33}},"20":{"start":{"line":27,"column":4},"end":{"line":27,"column":60}},"21":{"start":{"line":28,"column":4},"end":{"line":28,"column":45}},"22":{"start":{"line":29,"column":4},"end":{"line":29,"column":60}},"23":{"start":{"line":30,"column":4},"end":{"line":32,"column":7}},"24":{"start":{"line":31,"column":8},"end":{"line":31,"column":58}},"25":{"start":{"line":35,"column":4},"end":{"line":35,"column":51}},"26":{"start":{"line":37,"column":4},"end":{"line":37,"column":60}},"27":{"start":{"line":38,"column":4},"end":{"line":38,"column":40}},"28":{"start":{"line":39,"column":4},"end":{"line":39,"column":60}},"29":{"start":{"line":40,"column":4},"end":{"line":40,"column":35}},"30":{"start":{"line":42,"column":4},"end":{"line":42,"column":60}},"31":{"start":{"line":43,"column":4},"end":{"line":43,"column":35}},"32":{"start":{"line":44,"column":4},"end":{"line":44,"column":60}},"33":{"start":{"line":45,"column":4},"end":{"line":45,"column":48}},"34":{"start":{"line":46,"column":4},"end":{"line":50,"column":7}},"35":{"start":{"line":47,"column":8},"end":{"line":47,"column":64}},"36":{"start":{"line":48,"column":8},"end":{"line":48,"column":89}},"37":{"start":{"line":49,"column":8},"end":{"line":49,"column":64}},"38":{"start":{"line":14,"column":13},"end":{"line":14,"column":20}},"39":{"start":{"line":53,"column":24},"end":{"line":53,"column":83}},"40":{"start":{"line":53,"column":43},"end":{"line":53,"column":83}},"41":{"start":{"line":53,"column":13},"end":{"line":53,"column":24}},"42":{"start":{"line":55,"column":0},"end":{"line":55,"column":7}}},"fnMap":{"0":{"name":"(anonymous_1)","decl":{"start":{"line":14,"column":20},"end":{"line":14,"column":23}},"loc":{"start":{"line":14,"column":25},"end":{"line":51,"column":1}}},"1":{"name":"(anonymous_2)","decl":{"start":{"line":30,"column":41},"end":{"line":30,"column":42}},"loc":{"start":{"line":30,"column":60},"end":{"line":32,"column":5}}},"2":{"name":"(anonymous_3)","decl":{"start":{"line":46,"column":42},"end":{"line":46,"column":45}},"loc":{"start":{"line":46,"column":47},"end":{"line":50,"column":5}}},"3":{"name":"(anonymous_4)","decl":{"start":{"line":53,"column":24},"end":{"line":53,"column":25}},"loc":{"start":{"line":53,"column":43},"end":{"line":53,"column":83}}}},"branchMap":{"0":{"loc":{"start":{"line":53,"column":43},"end":{"line":53,"column":83}},"type":"binary-expr","locations":[{"start":{"line":53,"column":43},"end":{"line":53,"column":53}},{"start":{"line":53,"column":57},"end":{"line":53,"column":83}}]}},"s":{"0":1,"1":1,"2":1,"3":1,"4":1,"5":1,"6":1,"7":1,"8":1,"9":1,"10":1,"11":1,"12":1,"13":1,"14":1,"15":1,"16":1,"17":1,"18":1,"19":1,"20":1,"21":1,"22":1,"23":1,"24":0,"25":1,"26":1,"27":1,"28":1,"29":1,"30":1,"31":1,"32":1,"33":1,"34":1,"35":1,"36":1,"37":1,"38":1,"39":1,"40":1,"41":1,"42":1},"f":{"0":1,"1":0,"2":1,"3":1},"b":{"0":[1,1]}}
,"D:\\natah\\MINE\\Project\\TodoGit\\TodoList_Test\\src\\config\\config.ts": {"path":"D:\\natah\\MINE\\Project\\TodoGit\\TodoList_Test\\src\\config\\config.ts","statementMap":{"0":{"start":{"line":1,"column":0},"end":{"line":1,"column":28}},"1":{"start":{"line":3,"column":0},"end":{"line":3,"column":16}},"2":{"start":{"line":5,"column":13},"end":{"line":5,"column":66}},"3":{"start":{"line":6,"column":13},"end":{"line":6,"column":52}},"4":{"start":{"line":8,"column":13},"end":{"line":8,"column":74}},"5":{"start":{"line":9,"column":13},"end":{"line":9,"column":93}},"6":{"start":{"line":11,"column":13},"end":{"line":14,"column":2}}},"fnMap":{},"branchMap":{"0":{"loc":{"start":{"line":8,"column":31},"end":{"line":8,"column":73}},"type":"binary-expr","locations":[{"start":{"line":8,"column":31},"end":{"line":8,"column":58}},{"start":{"line":8,"column":62},"end":{"line":8,"column":73}}]},"1":{"loc":{"start":{"line":9,"column":27},"end":{"line":9,"column":92}},"type":"cond-expr","locations":[{"start":{"line":9,"column":53},"end":{"line":9,"column":84}},{"start":{"line":9,"column":87},"end":{"line":9,"column":92}}]}},"s":{"0":1,"1":1,"2":1,"3":1,"4":1,"5":1,"6":1},"f":{},"b":{"0":[1,0],"1":[1,0]}}
,"D:\\natah\\MINE\\Project\\TodoGit\\TodoList_Test\\src\\config\\logging.ts": {"path":"D:\\natah\\MINE\\Project\\TodoGit\\TodoList_Test\\src\\config\\logging.ts","statementMap":{"0":{"start":{"line":36,"column":0},"end":{"line":36,"column":16}},"1":{"start":{"line":56,"column":0},"end":{"line":56,"column":16}},"2":{"start":{"line":60,"column":0},"end":{"line":60,"column":16}},"3":{"start":{"line":75,"column":0},"end":{"line":75,"column":16}},"4":{"start":{"line":90,"column":0},"end":{"line":90,"column":16}},"5":{"start":{"line":1,"column":0},"end":{"line":1,"column":32}},"6":{"start":{"line":3,"column":16},"end":{"line":34,"column":2}},"7":{"start":{"line":37,"column":4},"end":{"line":53,"column":5}},"8":{"start":{"line":38,"column":22},"end":{"line":38,"column":33}},"9":{"start":{"line":40,"column":8},"end":{"line":40,"column":45}},"10":{"start":{"line":40,"column":33},"end":{"line":40,"column":45}},"11":{"start":{"line":42,"column":21},"end":{"line":42,"column":41}},"12":{"start":{"line":43,"column":22},"end":{"line":43,"column":45}},"13":{"start":{"line":44,"column":23},"end":{"line":44,"column":40}},"14":{"start":{"line":46,"column":8},"end":{"line":46,"column":41}},"15":{"start":{"line":46,"column":29},"end":{"line":46,"column":41}},"16":{"start":{"line":48,"column":8},"end":{"line":48,"column":43}},"17":{"start":{"line":48,"column":31},"end":{"line":48,"column":43}},"18":{"start":{"line":50,"column":8},"end":{"line":50,"column":25}},"19":{"start":{"line":52,"column":8},"end":{"line":52,"column":20}},"20":{"start":{"line":57,"column":4},"end":{"line":57,"column":143}},"21":{"start":{"line":57,"column":15},"end":{"line":57,"column":143}},"22":{"start":{"line":61,"column":4},"end":{"line":72,"column":10}},"23":{"start":{"line":62,"column":8},"end":{"line":72,"column":10}},"24":{"start":{"line":76,"column":4},"end":{"line":87,"column":10}},"25":{"start":{"line":77,"column":8},"end":{"line":87,"column":10}},"26":{"start":{"line":91,"column":4},"end":{"line":102,"column":10}},"27":{"start":{"line":92,"column":8},"end":{"line":102,"column":10}},"28":{"start":{"line":105,"column":16},"end":{"line":112,"column":2}},"29":{"start":{"line":127,"column":0},"end":{"line":127,"column":29}},"30":{"start":{"line":129,"column":0},"end":{"line":129,"column":23}}},"fnMap":{"0":{"name":"getCallingFunction","decl":{"start":{"line":36,"column":16},"end":{"line":36,"column":34}},"loc":{"start":{"line":36,"column":47},"end":{"line":54,"column":1}}},"1":{"name":"log","decl":{"start":{"line":56,"column":16},"end":{"line":56,"column":19}},"loc":{"start":{"line":56,"column":59},"end":{"line":58,"column":1}}},"2":{"name":"info","decl":{"start":{"line":60,"column":16},"end":{"line":60,"column":20}},"loc":{"start":{"line":60,"column":60},"end":{"line":73,"column":1}}},"3":{"name":"warn","decl":{"start":{"line":75,"column":16},"end":{"line":75,"column":20}},"loc":{"start":{"line":75,"column":60},"end":{"line":88,"column":1}}},"4":{"name":"error","decl":{"start":{"line":90,"column":16},"end":{"line":90,"column":21}},"loc":{"start":{"line":90,"column":61},"end":{"line":103,"column":1}}}},"branchMap":{"0":{"loc":{"start":{"line":40,"column":8},"end":{"line":40,"column":45}},"type":"if","locations":[{"start":{"line":40,"column":8},"end":{"line":40,"column":45}}]},"1":{"loc":{"start":{"line":46,"column":8},"end":{"line":46,"column":41}},"type":"if","locations":[{"start":{"line":46,"column":8},"end":{"line":46,"column":41}}]},"2":{"loc":{"start":{"line":48,"column":8},"end":{"line":48,"column":43}},"type":"if","locations":[{"start":{"line":48,"column":8},"end":{"line":48,"column":43}}]},"3":{"loc":{"start":{"line":57,"column":4},"end":{"line":57,"column":143}},"type":"if","locations":[{"start":{"line":57,"column":4},"end":{"line":57,"column":143}}]},"4":{"loc":{"start":{"line":61,"column":4},"end":{"line":72,"column":10}},"type":"if","locations":[{"start":{"line":61,"column":4},"end":{"line":72,"column":10}}]},"5":{"loc":{"start":{"line":76,"column":4},"end":{"line":87,"column":10}},"type":"if","locations":[{"start":{"line":76,"column":4},"end":{"line":87,"column":10}}]},"6":{"loc":{"start":{"line":91,"column":4},"end":{"line":102,"column":10}},"type":"if","locations":[{"start":{"line":91,"column":4},"end":{"line":102,"column":10}}]}},"s":{"0":1,"1":1,"2":1,"3":1,"4":1,"5":1,"6":1,"7":0,"8":0,"9":0,"10":0,"11":0,"12":0,"13":0,"14":0,"15":0,"16":0,"17":0,"18":0,"19":0,"20":26,"21":0,"22":0,"23":0,"24":0,"25":0,"26":0,"27":0,"28":1,"29":1,"30":1},"f":{"0":0,"1":26,"2":0,"3":0,"4":0},"b":{"0":[0],"1":[0],"2":[0],"3":[0],"4":[0],"5":[0],"6":[0]}}
,"D:\\natah\\MINE\\Project\\TodoGit\\TodoList_Test\\src\\controllers\\TaskController.ts": {"path":"D:\\natah\\MINE\\Project\\TodoGit\\TodoList_Test\\src\\controllers\\TaskController.ts","statementMap":{"0":{"start":{"line":2,"column":0},"end":{"line":2,"column":34}},"1":{"start":{"line":7,"column":17},"end":{"line":21,"column":2}},"2":{"start":{"line":7,"column":75},"end":{"line":21,"column":2}},"3":{"start":{"line":8,"column":4},"end":{"line":20,"column":5}},"4":{"start":{"line":9,"column":28},"end":{"line":9,"column":48}},"5":{"start":{"line":11,"column":23},"end":{"line":11,"column":92}},"6":{"start":{"line":12,"column":8},"end":{"line":12,"column":30}},"7":{"start":{"line":15,"column":9},"end":{"line":15,"column":25}},"8":{"start":{"line":16,"column":8},"end":{"line":16,"column":30}},"9":{"start":{"line":18,"column":8},"end":{"line":18,"column":41}},"10":{"start":{"line":19,"column":8},"end":{"line":19,"column":73}},"11":{"start":{"line":23,"column":19},"end":{"line":49,"column":2}},"12":{"start":{"line":23,"column":77},"end":{"line":49,"column":2}},"13":{"start":{"line":24,"column":4},"end":{"line":48,"column":5}},"14":{"start":{"line":26,"column":57},"end":{"line":26,"column":65}},"15":{"start":{"line":29,"column":8},"end":{"line":31,"column":9}},"16":{"start":{"line":30,"column":12},"end":{"line":30,"column":82}},"17":{"start":{"line":34,"column":23},"end":{"line":34,"column":43}},"18":{"start":{"line":35,"column":22},"end":{"line":38,"column":30}},"19":{"start":{"line":39,"column":23},"end":{"line":39,"column":61}},"20":{"start":{"line":40,"column":23},"end":{"line":40,"column":76}},"21":{"start":{"line":41,"column":8},"end":{"line":41,"column":25}},"22":{"start":{"line":43,"column":26},"end":{"line":43,"column":47}},"23":{"start":{"line":44,"column":8},"end":{"line":44,"column":90}},"24":{"start":{"line":46,"column":8},"end":{"line":46,"column":39}},"25":{"start":{"line":47,"column":8},"end":{"line":47,"column":64}},"26":{"start":{"line":52,"column":25},"end":{"line":89,"column":2}},"27":{"start":{"line":52,"column":83},"end":{"line":89,"column":2}},"28":{"start":{"line":53,"column":4},"end":{"line":88,"column":5}},"29":{"start":{"line":54,"column":23},"end":{"line":54,"column":36}},"30":{"start":{"line":55,"column":29},"end":{"line":55,"column":54}},"31":{"start":{"line":58,"column":29},"end":{"line":58,"column":49}},"32":{"start":{"line":59,"column":8},"end":{"line":61,"column":9}},"33":{"start":{"line":60,"column":12},"end":{"line":60,"column":46}},"34":{"start":{"line":64,"column":8},"end":{"line":66,"column":9}},"35":{"start":{"line":65,"column":12},"end":{"line":65,"column":69}},"36":{"start":{"line":67,"column":18},"end":{"line":67,"column":51}},"37":{"start":{"line":69,"column":8},"end":{"line":71,"column":9}},"38":{"start":{"line":70,"column":12},"end":{"line":70,"column":23}},"39":{"start":{"line":73,"column":23},"end":{"line":73,"column":43}},"40":{"start":{"line":74,"column":22},"end":{"line":77,"column":31}},"41":{"start":{"line":78,"column":23},"end":{"line":78,"column":36}},"42":{"start":{"line":80,"column":8},"end":{"line":80,"column":42}},"43":{"start":{"line":81,"column":8},"end":{"line":81,"column":27}},"44":{"start":{"line":82,"column":8},"end":{"line":82,"column":25}},"45":{"start":{"line":84,"column":8},"end":{"line":84,"column":71}},"46":{"start":{"line":86,"column":8},"end":{"line":86,"column":39}},"47":{"start":{"line":87,"column":8},"end":{"line":87,"column":64}},"48":{"start":{"line":92,"column":20},"end":{"line":102,"column":2}},"49":{"start":{"line":92,"column":72},"end":{"line":102,"column":2}},"50":{"start":{"line":93,"column":4},"end":{"line":101,"column":5}},"51":{"start":{"line":94,"column":28},"end":{"line":94,"column":48}},"52":{"start":{"line":95,"column":23},"end":{"line":95,"column":120}},"53":{"start":{"line":96,"column":8},"end":{"line":96,"column":30}},"54":{"start":{"line":97,"column":8},"end":{"line":97,"column":38}},"55":{"start":{"line":99,"column":8},"end":{"line":99,"column":53}},"56":{"start":{"line":100,"column":8},"end":{"line":100,"column":20}},"57":{"start":{"line":104,"column":29},"end":{"line":127,"column":2}},"58":{"start":{"line":104,"column":104},"end":{"line":127,"column":2}},"59":{"start":{"line":105,"column":4},"end":{"line":126,"column":5}},"60":{"start":{"line":106,"column":28},"end":{"line":106,"column":48}},"61":{"start":{"line":107,"column":29},"end":{"line":107,"column":54}},"62":{"start":{"line":109,"column":8},"end":{"line":111,"column":9}},"63":{"start":{"line":110,"column":12},"end":{"line":110,"column":46}},"64":{"start":{"line":114,"column":8},"end":{"line":120,"column":11}},"65":{"start":{"line":122,"column":8},"end":{"line":122,"column":30}},"66":{"start":{"line":124,"column":8},"end":{"line":124,"column":53}},"67":{"start":{"line":125,"column":8},"end":{"line":125,"column":49}},"68":{"start":{"line":129,"column":29},"end":{"line":159,"column":2}},"69":{"start":{"line":129,"column":87},"end":{"line":159,"column":2}},"70":{"start":{"line":130,"column":4},"end":{"line":158,"column":5}},"71":{"start":{"line":131,"column":23},"end":{"line":131,"column":36}},"72":{"start":{"line":132,"column":29},"end":{"line":132,"column":54}},"73":{"start":{"line":134,"column":29},"end":{"line":134,"column":49}},"74":{"start":{"line":135,"column":8},"end":{"line":137,"column":9}},"75":{"start":{"line":136,"column":12},"end":{"line":136,"column":46}},"76":{"start":{"line":139,"column":8},"end":{"line":141,"column":9}},"77":{"start":{"line":140,"column":12},"end":{"line":140,"column":69}},"78":{"start":{"line":144,"column":50},"end":{"line":149,"column":10}},"79":{"start":{"line":152,"column":8},"end":{"line":152,"column":58}},"80":{"start":{"line":154,"column":8},"end":{"line":154,"column":71}},"81":{"start":{"line":156,"column":8},"end":{"line":156,"column":39}},"82":{"start":{"line":157,"column":8},"end":{"line":157,"column":64}},"83":{"start":{"line":163,"column":19},"end":{"line":197,"column":2}},"84":{"start":{"line":163,"column":77},"end":{"line":197,"column":2}},"85":{"start":{"line":164,"column":4},"end":{"line":196,"column":5}},"86":{"start":{"line":165,"column":23},"end":{"line":165,"column":36}},"87":{"start":{"line":166,"column":29},"end":{"line":166,"column":54}},"88":{"start":{"line":169,"column":29},"end":{"line":169,"column":49}},"89":{"start":{"line":170,"column":8},"end":{"line":172,"column":9}},"90":{"start":{"line":171,"column":12},"end":{"line":171,"column":46}},"91":{"start":{"line":175,"column":8},"end":{"line":177,"column":9}},"92":{"start":{"line":176,"column":12},"end":{"line":176,"column":69}},"93":{"start":{"line":179,"column":20},"end":{"line":179,"column":53}},"94":{"start":{"line":182,"column":23},"end":{"line":182,"column":43}},"95":{"start":{"line":183,"column":22},"end":{"line":186,"column":30}},"96":{"start":{"line":187,"column":23},"end":{"line":187,"column":36}},"97":{"start":{"line":188,"column":23},"end":{"line":188,"column":76}},"98":{"start":{"line":189,"column":8},"end":{"line":189,"column":25}},"99":{"start":{"line":191,"column":26},"end":{"line":191,"column":47}},"100":{"start":{"line":192,"column":8},"end":{"line":192,"column":90}},"101":{"start":{"line":194,"column":8},"end":{"line":194,"column":39}},"102":{"start":{"line":195,"column":8},"end":{"line":195,"column":64}},"103":{"start":{"line":199,"column":0},"end":{"line":199,"column":92}}},"fnMap":{"0":{"name":"(anonymous_8)","decl":{"start":{"line":7,"column":17},"end":{"line":7,"column":24}},"loc":{"start":{"line":7,"column":75},"end":{"line":21,"column":2}}},"1":{"name":"(anonymous_9)","decl":{"start":{"line":7,"column":75},"end":{"line":7,"column":null}},"loc":{"start":{"line":7,"column":75},"end":{"line":21,"column":1}}},"2":{"name":"(anonymous_10)","decl":{"start":{"line":23,"column":19},"end":{"line":23,"column":26}},"loc":{"start":{"line":23,"column":77},"end":{"line":49,"column":2}}},"3":{"name":"(anonymous_11)","decl":{"start":{"line":23,"column":77},"end":{"line":23,"column":null}},"loc":{"start":{"line":23,"column":77},"end":{"line":49,"column":1}}},"4":{"name":"(anonymous_12)","decl":{"start":{"line":52,"column":25},"end":{"line":52,"column":32}},"loc":{"start":{"line":52,"column":83},"end":{"line":89,"column":2}}},"5":{"name":"(anonymous_13)","decl":{"start":{"line":52,"column":83},"end":{"line":52,"column":null}},"loc":{"start":{"line":52,"column":83},"end":{"line":89,"column":1}}},"6":{"name":"(anonymous_14)","decl":{"start":{"line":92,"column":20},"end":{"line":92,"column":27}},"loc":{"start":{"line":92,"column":72},"end":{"line":102,"column":2}}},"7":{"name":"(anonymous_15)","decl":{"start":{"line":92,"column":72},"end":{"line":92,"column":null}},"loc":{"start":{"line":92,"column":72},"end":{"line":102,"column":1}}},"8":{"name":"(anonymous_16)","decl":{"start":{"line":104,"column":29},"end":{"line":104,"column":36}},"loc":{"start":{"line":104,"column":104},"end":{"line":127,"column":2}}},"9":{"name":"(anonymous_17)","decl":{"start":{"line":104,"column":104},"end":{"line":104,"column":null}},"loc":{"start":{"line":104,"column":104},"end":{"line":127,"column":1}}},"10":{"name":"(anonymous_18)","decl":{"start":{"line":129,"column":29},"end":{"line":129,"column":36}},"loc":{"start":{"line":129,"column":87},"end":{"line":159,"column":2}}},"11":{"name":"(anonymous_19)","decl":{"start":{"line":129,"column":87},"end":{"line":129,"column":null}},"loc":{"start":{"line":129,"column":87},"end":{"line":159,"column":1}}},"12":{"name":"(anonymous_20)","decl":{"start":{"line":163,"column":19},"end":{"line":163,"column":26}},"loc":{"start":{"line":163,"column":77},"end":{"line":197,"column":2}}},"13":{"name":"(anonymous_21)","decl":{"start":{"line":163,"column":77},"end":{"line":163,"column":null}},"loc":{"start":{"line":163,"column":77},"end":{"line":197,"column":1}}}},"branchMap":{"0":{"loc":{"start":{"line":29,"column":8},"end":{"line":31,"column":9}},"type":"if","locations":[{"start":{"line":29,"column":8},"end":{"line":31,"column":9}}]},"1":{"loc":{"start":{"line":29,"column":12},"end":{"line":29,"column":55}},"type":"binary-expr","locations":[{"start":{"line":29,"column":12},"end":{"line":29,"column":18}},{"start":{"line":29,"column":22},"end":{"line":29,"column":38}},{"start":{"line":29,"column":42},"end":{"line":29,"column":55}}]},"2":{"loc":{"start":{"line":59,"column":8},"end":{"line":61,"column":9}},"type":"if","locations":[{"start":{"line":59,"column":8},"end":{"line":61,"column":9}}]},"3":{"loc":{"start":{"line":59,"column":12},"end":{"line":59,"column":52}},"type":"binary-expr","locations":[{"start":{"line":59,"column":12},"end":{"line":59,"column":31}},{"start":{"line":59,"column":35},"end":{"line":59,"column":52}}]},"4":{"loc":{"start":{"line":64,"column":8},"end":{"line":66,"column":9}},"type":"if","locations":[{"start":{"line":64,"column":8},"end":{"line":66,"column":9}}]},"5":{"loc":{"start":{"line":67,"column":18},"end":{"line":67,"column":51}},"type":"binary-expr","locations":[{"start":{"line":67,"column":18},"end":{"line":67,"column":37}},{"start":{"line":67,"column":41},"end":{"line":67,"column":51}}]},"6":{"loc":{"start":{"line":69,"column":8},"end":{"line":71,"column":9}},"type":"if","locations":[{"start":{"line":69,"column":8},"end":{"line":71,"column":9}}]},"7":{"loc":{"start":{"line":97,"column":15},"end":{"line":97,"column":37}},"type":"binary-expr","locations":[{"start":{"line":97,"column":15},"end":{"line":97,"column":29}},{"start":{"line":97,"column":33},"end":{"line":97,"column":37}}]},"8":{"loc":{"start":{"line":109,"column":8},"end":{"line":111,"column":9}},"type":"if","locations":[{"start":{"line":109,"column":8},"end":{"line":111,"column":9}}]},"9":{"loc":{"start":{"line":135,"column":8},"end":{"line":137,"column":9}},"type":"if","locations":[{"start":{"line":135,"column":8},"end":{"line":137,"column":9}}]},"10":{"loc":{"start":{"line":135,"column":12},"end":{"line":135,"column":52}},"type":"binary-expr","locations":[{"start":{"line":135,"column":12},"end":{"line":135,"column":31}},{"start":{"line":135,"column":35},"end":{"line":135,"column":52}}]},"11":{"loc":{"start":{"line":139,"column":8},"end":{"line":141,"column":9}},"type":"if","locations":[{"start":{"line":139,"column":8},"end":{"line":141,"column":9}}]},"12":{"loc":{"start":{"line":145,"column":19},"end":{"line":145,"column":55}},"type":"binary-expr","locations":[{"start":{"line":145,"column":19},"end":{"line":145,"column":33}},{"start":{"line":145,"column":37},"end":{"line":145,"column":55}}]},"13":{"loc":{"start":{"line":146,"column":29},"end":{"line":146,"column":85}},"type":"binary-expr","locations":[{"start":{"line":146,"column":29},"end":{"line":146,"column":53}},{"start":{"line":146,"column":57},"end":{"line":146,"column":85}}]},"14":{"loc":{"start":{"line":147,"column":26},"end":{"line":147,"column":76}},"type":"binary-expr","locations":[{"start":{"line":147,"column":26},"end":{"line":147,"column":47}},{"start":{"line":147,"column":51},"end":{"line":147,"column":76}}]},"15":{"loc":{"start":{"line":148,"column":24},"end":{"line":148,"column":70}},"type":"binary-expr","locations":[{"start":{"line":148,"column":24},"end":{"line":148,"column":43}},{"start":{"line":148,"column":47},"end":{"line":148,"column":70}}]},"16":{"loc":{"start":{"line":170,"column":8},"end":{"line":172,"column":9}},"type":"if","locations":[{"start":{"line":170,"column":8},"end":{"line":172,"column":9}}]},"17":{"loc":{"start":{"line":170,"column":12},"end":{"line":170,"column":52}},"type":"binary-expr","locations":[{"start":{"line":170,"column":12},"end":{"line":170,"column":31}},{"start":{"line":170,"column":35},"end":{"line":170,"column":52}}]},"18":{"loc":{"start":{"line":175,"column":8},"end":{"line":177,"column":9}},"type":"if","locations":[{"start":{"line":175,"column":8},"end":{"line":177,"column":9}}]},"19":{"loc":{"start":{"line":179,"column":20},"end":{"line":179,"column":53}},"type":"binary-expr","locations":[{"start":{"line":179,"column":20},"end":{"line":179,"column":39}},{"start":{"line":179,"column":43},"end":{"line":179,"column":53}}]}},"s":{"0":1,"1":1,"2":1,"3":1,"4":1,"5":1,"6":1,"7":1,"8":1,"9":0,"10":0,"11":1,"12":1,"13":1,"14":1,"15":1,"16":1,"17":0,"18":0,"19":0,"20":0,"21":0,"22":0,"23":0,"24":0,"25":0,"26":1,"27":1,"28":1,"29":1,"30":1,"31":1,"32":1,"33":0,"34":1,"35":0,"36":1,"37":1,"38":0,"39":1,"40":1,"41":1,"42":1,"43":1,"44":1,"45":1,"46":0,"47":0,"48":1,"49":2,"50":2,"51":2,"52":2,"53":2,"54":2,"55":0,"56":0,"57":1,"58":0,"59":0,"60":0,"61":0,"62":0,"63":0,"64":0,"65":0,"66":0,"67":0,"68":1,"69":0,"70":0,"71":0,"72":0,"73":0,"74":0,"75":0,"76":0,"77":0,"78":0,"79":0,"80":0,"81":0,"82":0,"83":1,"84":1,"85":1,"86":1,"87":1,"88":1,"89":1,"90":0,"91":1,"92":0,"93":1,"94":1,"95":1,"96":1,"97":1,"98":1,"99":1,"100":1,"101":0,"102":0,"103":1},"f":{"0":1,"1":1,"2":1,"3":1,"4":1,"5":1,"6":2,"7":2,"8":0,"9":0,"10":0,"11":0,"12":1,"13":1},"b":{"0":[1],"1":[1,0,0],"2":[0],"3":[1,1],"4":[0],"5":[1,1],"6":[0],"7":[2,0],"8":[0],"9":[0],"10":[0,0],"11":[0],"12":[0,0],"13":[0,0],"14":[0,0],"15":[0,0],"16":[0],"17":[1,1],"18":[0],"19":[1,1]}}
,"D:\\natah\\MINE\\Project\\TodoGit\\TodoList_Test\\src\\middleware\\corsHandler.ts": {"path":"D:\\natah\\MINE\\Project\\TodoGit\\TodoList_Test\\src\\middleware\\corsHandler.ts","statementMap":{"0":{"start":{"line":3,"column":0},"end":{"line":3,"column":16}},"1":{"start":{"line":4,"column":4},"end":{"line":4,"column":68}},"2":{"start":{"line":5,"column":4},"end":{"line":5,"column":112}},"3":{"start":{"line":6,"column":4},"end":{"line":6,"column":59}},"4":{"start":{"line":8,"column":4},"end":{"line":11,"column":5}},"5":{"start":{"line":9,"column":8},"end":{"line":9,"column":84}},"6":{"start":{"line":10,"column":8},"end":{"line":10,"column":40}},"7":{"start":{"line":13,"column":4},"end":{"line":13,"column":11}}},"fnMap":{"0":{"name":"corsHandler","decl":{"start":{"line":3,"column":16},"end":{"line":3,"column":27}},"loc":{"start":{"line":3,"column":75},"end":{"line":14,"column":1}}}},"branchMap":{"0":{"loc":{"start":{"line":8,"column":4},"end":{"line":11,"column":5}},"type":"if","locations":[{"start":{"line":8,"column":4},"end":{"line":11,"column":5}}]}},"s":{"0":1,"1":4,"2":4,"3":4,"4":4,"5":0,"6":0,"7":4},"f":{"0":4},"b":{"0":[0]}}
,"D:\\natah\\MINE\\Project\\TodoGit\\TodoList_Test\\src\\middleware\\loggingHandler.ts": {"path":"D:\\natah\\MINE\\Project\\TodoGit\\TodoList_Test\\src\\middleware\\loggingHandler.ts","statementMap":{"0":{"start":{"line":3,"column":0},"end":{"line":3,"column":16}},"1":{"start":{"line":4,"column":4},"end":{"line":4,"column":111}},"2":{"start":{"line":6,"column":4},"end":{"line":8,"column":7}},"3":{"start":{"line":7,"column":8},"end":{"line":7,"column":142}},"4":{"start":{"line":10,"column":4},"end":{"line":10,"column":11}}},"fnMap":{"0":{"name":"loggingHandler","decl":{"start":{"line":3,"column":16},"end":{"line":3,"column":30}},"loc":{"start":{"line":3,"column":78},"end":{"line":11,"column":1}}},"1":{"name":"(anonymous_1)","decl":{"start":{"line":6,"column":21},"end":{"line":6,"column":24}},"loc":{"start":{"line":6,"column":26},"end":{"line":8,"column":5}}}},"branchMap":{},"s":{"0":1,"1":4,"2":4,"3":4,"4":4},"f":{"0":4,"1":4},"b":{}}
,"D:\\natah\\MINE\\Project\\TodoGit\\TodoList_Test\\src\\middleware\\routeNotFound.ts": {"path":"D:\\natah\\MINE\\Project\\TodoGit\\TodoList_Test\\src\\middleware\\routeNotFound.ts","statementMap":{"0":{"start":{"line":3,"column":0},"end":{"line":3,"column":16}},"1":{"start":{"line":4,"column":18},"end":{"line":4,"column":40}},"2":{"start":{"line":5,"column":4},"end":{"line":5,"column":27}},"3":{"start":{"line":7,"column":4},"end":{"line":11,"column":7}}},"fnMap":{"0":{"name":"routeNotFound","decl":{"start":{"line":3,"column":16},"end":{"line":3,"column":29}},"loc":{"start":{"line":3,"column":77},"end":{"line":12,"column":1}}}},"branchMap":{},"s":{"0":1,"1":0,"2":0,"3":0},"f":{"0":0},"b":{}}
,"D:\\natah\\MINE\\Project\\TodoGit\\TodoList_Test\\src\\routes\\TaskRoute.ts": {"path":"D:\\natah\\MINE\\Project\\TodoGit\\TodoList_Test\\src\\routes\\TaskRoute.ts","statementMap":{"0":{"start":{"line":1,"column":0},"end":{"line":1,"column":30}},"1":{"start":{"line":2,"column":0},"end":{"line":2,"column":59}},"2":{"start":{"line":4,"column":15},"end":{"line":4,"column":31}},"3":{"start":{"line":7,"column":0},"end":{"line":7,"column":49}},"4":{"start":{"line":16,"column":0},"end":{"line":16,"column":54}},"5":{"start":{"line":19,"column":0},"end":{"line":19,"column":70}},"6":{"start":{"line":22,"column":0},"end":{"line":22,"column":78}},"7":{"start":{"line":25,"column":0},"end":{"line":25,"column":58}},"8":{"start":{"line":27,"column":0},"end":{"line":27,"column":16}}},"fnMap":{},"branchMap":{},"s":{"0":1,"1":1,"2":1,"3":1,"4":1,"5":1,"6":1,"7":1,"8":1},"f":{},"b":{}}
}
