{"D:\\ASA_Colobri\\Git_Ripository\\TodoList_Test\\src\\dbConnexion.ts": {"path":"D:\\ASA_Colobri\\Git_Ripository\\TodoList_Test\\src\\dbConnexion.ts","statementMap":{"0":{"start":{"line":1,"column":0},"end":{"line":1,"column":26}},"1":{"start":{"line":3,"column":13},"end":{"line":9,"column":2}},"2":{"start":{"line":11,"column":0},"end":{"line":11,"column":20}}},"fnMap":{},"branchMap":{"0":{"loc":{"start":{"line":4,"column":10},"end":{"line":4,"column":42}},"type":"binary-expr","locations":[{"start":{"line":4,"column":10},"end":{"line":4,"column":28}},{"start":{"line":4,"column":32},"end":{"line":4,"column":42}}]},"1":{"loc":{"start":{"line":5,"column":10},"end":{"line":5,"column":43}},"type":"binary-expr","locations":[{"start":{"line":5,"column":10},"end":{"line":5,"column":28}},{"start":{"line":5,"column":32},"end":{"line":5,"column":43}}]},"2":{"loc":{"start":{"line":6,"column":14},"end":{"line":6,"column":55}},"type":"binary-expr","locations":[{"start":{"line":6,"column":14},"end":{"line":6,"column":36}},{"start":{"line":6,"column":40},"end":{"line":6,"column":55}}]},"3":{"loc":{"start":{"line":7,"column":14},"end":{"line":7,"column":46}},"type":"binary-expr","locations":[{"start":{"line":7,"column":14},"end":{"line":7,"column":36}},{"start":{"line":7,"column":40},"end":{"line":7,"column":46}}]},"4":{"loc":{"start":{"line":8,"column":10},"end":{"line":8,"column":44}},"type":"binary-expr","locations":[{"start":{"line":8,"column":10},"end":{"line":8,"column":36}},{"start":{"line":8,"column":40},"end":{"line":8,"column":44}}]}},"s":{"0":1,"1":1,"2":1},"f":{},"b":{"0":[1,1],"1":[1,1],"2":[1,1],"3":[1,1],"4":[1,1]}}
,"D:\\ASA_Colobri\\Git_Ripository\\TodoList_Test\\src\\server.ts": {"path":"D:\\ASA_Colobri\\Git_Ripository\\TodoList_Test\\src\\server.ts","statementMap":{"0":{"start":{"line":1,"column":0},"end":{"line":1,"column":24}},"1":{"start":{"line":2,"column":0},"end":{"line":2,"column":30}},"2":{"start":{"line":3,"column":0},"end":{"line":3,"column":26}},"3":{"start":{"line":5,"column":0},"end":{"line":5,"column":55}},"4":{"start":{"line":6,"column":0},"end":{"line":6,"column":61}},"5":{"start":{"line":7,"column":0},"end":{"line":7,"column":59}},"6":{"start":{"line":8,"column":0},"end":{"line":8,"column":41}},"7":{"start":{"line":9,"column":0},"end":{"line":9,"column":55}},"8":{"start":{"line":11,"column":13},"end":{"line":11,"column":37}},"9":{"start":{"line":14,"column":20},"end":{"line":51,"column":1}},"10":{"start":{"line":15,"column":4},"end":{"line":15,"column":60}},"11":{"start":{"line":16,"column":4},"end":{"line":16,"column":36}},"12":{"start":{"line":17,"column":4},"end":{"line":17,"column":60}},"13":{"start":{"line":18,"column":4},"end":{"line":18,"column":60}},"14":{"start":{"line":19,"column":4},"end":{"line":19,"column":36}},"15":{"start":{"line":21,"column":4},"end":{"line":21,"column":60}},"16":{"start":{"line":22,"column":4},"end":{"line":22,"column":43}},"17":{"start":{"line":23,"column":4},"end":{"line":23,"column":60}},"18":{"start":{"line":24,"column":4},"end":{"line":24,"column":36}},"19":{"start":{"line":25,"column":4},"end":{"line":25,"column":33}},"20":{"start":{"line":27,"column":4},"end":{"line":27,"column":60}},"21":{"start":{"line":28,"column":4},"end":{"line":28,"column":45}},"22":{"start":{"line":29,"column":4},"end":{"line":29,"column":60}},"23":{"start":{"line":30,"column":4},"end":{"line":32,"column":7}},"24":{"start":{"line":31,"column":8},"end":{"line":31,"column":58}},"25":{"start":{"line":35,"column":4},"end":{"line":35,"column":51}},"26":{"start":{"line":37,"column":4},"end":{"line":37,"column":60}},"27":{"start":{"line":38,"column":4},"end":{"line":38,"column":40}},"28":{"start":{"line":39,"column":4},"end":{"line":39,"column":60}},"29":{"start":{"line":40,"column":4},"end":{"line":40,"column":35}},"30":{"start":{"line":42,"column":4},"end":{"line":42,"column":60}},"31":{"start":{"line":43,"column":4},"end":{"line":43,"column":35}},"32":{"start":{"line":44,"column":4},"end":{"line":44,"column":60}},"33":{"start":{"line":45,"column":4},"end":{"line":45,"column":48}},"34":{"start":{"line":46,"column":4},"end":{"line":50,"column":7}},"35":{"start":{"line":47,"column":8},"end":{"line":47,"column":64}},"36":{"start":{"line":48,"column":8},"end":{"line":48,"column":89}},"37":{"start":{"line":49,"column":8},"end":{"line":49,"column":64}},"38":{"start":{"line":14,"column":13},"end":{"line":14,"column":20}},"39":{"start":{"line":53,"column":24},"end":{"line":53,"column":83}},"40":{"start":{"line":53,"column":43},"end":{"line":53,"column":83}},"41":{"start":{"line":53,"column":13},"end":{"line":53,"column":24}},"42":{"start":{"line":55,"column":0},"end":{"line":55,"column":7}}},"fnMap":{"0":{"name":"(anonymous_1)","decl":{"start":{"line":14,"column":20},"end":{"line":14,"column":23}},"loc":{"start":{"line":14,"column":25},"end":{"line":51,"column":1}}},"1":{"name":"(anonymous_2)","decl":{"start":{"line":30,"column":41},"end":{"line":30,"column":42}},"loc":{"start":{"line":30,"column":60},"end":{"line":32,"column":5}}},"2":{"name":"(anonymous_3)","decl":{"start":{"line":46,"column":42},"end":{"line":46,"column":45}},"loc":{"start":{"line":46,"column":47},"end":{"line":50,"column":5}}},"3":{"name":"(anonymous_4)","decl":{"start":{"line":53,"column":24},"end":{"line":53,"column":25}},"loc":{"start":{"line":53,"column":43},"end":{"line":53,"column":83}}}},"branchMap":{"0":{"loc":{"start":{"line":53,"column":43},"end":{"line":53,"column":83}},"type":"binary-expr","locations":[{"start":{"line":53,"column":43},"end":{"line":53,"column":53}},{"start":{"line":53,"column":57},"end":{"line":53,"column":83}}]}},"s":{"0":1,"1":1,"2":1,"3":1,"4":1,"5":1,"6":1,"7":1,"8":1,"9":1,"10":1,"11":1,"12":1,"13":1,"14":1,"15":1,"16":1,"17":1,"18":1,"19":1,"20":1,"21":1,"22":1,"23":1,"24":0,"25":1,"26":1,"27":1,"28":1,"29":1,"30":1,"31":1,"32":1,"33":1,"34":1,"35":1,"36":1,"37":1,"38":1,"39":1,"40":1,"41":1,"42":1},"f":{"0":1,"1":0,"2":1,"3":1},"b":{"0":[1,1]}}
,"D:\\ASA_Colobri\\Git_Ripository\\TodoList_Test\\src\\config\\config.ts": {"path":"D:\\ASA_Colobri\\Git_Ripository\\TodoList_Test\\src\\config\\config.ts","statementMap":{"0":{"start":{"line":1,"column":0},"end":{"line":1,"column":28}},"1":{"start":{"line":3,"column":0},"end":{"line":3,"column":16}},"2":{"start":{"line":5,"column":13},"end":{"line":5,"column":66}},"3":{"start":{"line":6,"column":13},"end":{"line":6,"column":52}},"4":{"start":{"line":8,"column":13},"end":{"line":8,"column":74}},"5":{"start":{"line":9,"column":13},"end":{"line":9,"column":93}},"6":{"start":{"line":11,"column":13},"end":{"line":14,"column":2}}},"fnMap":{},"branchMap":{"0":{"loc":{"start":{"line":8,"column":31},"end":{"line":8,"column":73}},"type":"binary-expr","locations":[{"start":{"line":8,"column":31},"end":{"line":8,"column":58}},{"start":{"line":8,"column":62},"end":{"line":8,"column":73}}]},"1":{"loc":{"start":{"line":9,"column":27},"end":{"line":9,"column":92}},"type":"cond-expr","locations":[{"start":{"line":9,"column":53},"end":{"line":9,"column":84}},{"start":{"line":9,"column":87},"end":{"line":9,"column":92}}]}},"s":{"0":1,"1":1,"2":1,"3":1,"4":1,"5":1,"6":1},"f":{},"b":{"0":[1,0],"1":[1,0]}}
,"D:\\ASA_Colobri\\Git_Ripository\\TodoList_Test\\src\\config\\logging.ts": {"path":"D:\\ASA_Colobri\\Git_Ripository\\TodoList_Test\\src\\config\\logging.ts","statementMap":{"0":{"start":{"line":36,"column":0},"end":{"line":36,"column":16}},"1":{"start":{"line":56,"column":0},"end":{"line":56,"column":16}},"2":{"start":{"line":60,"column":0},"end":{"line":60,"column":16}},"3":{"start":{"line":75,"column":0},"end":{"line":75,"column":16}},"4":{"start":{"line":90,"column":0},"end":{"line":90,"column":16}},"5":{"start":{"line":1,"column":0},"end":{"line":1,"column":32}},"6":{"start":{"line":3,"column":16},"end":{"line":34,"column":2}},"7":{"start":{"line":37,"column":4},"end":{"line":53,"column":5}},"8":{"start":{"line":38,"column":22},"end":{"line":38,"column":33}},"9":{"start":{"line":40,"column":8},"end":{"line":40,"column":45}},"10":{"start":{"line":40,"column":33},"end":{"line":40,"column":45}},"11":{"start":{"line":42,"column":21},"end":{"line":42,"column":41}},"12":{"start":{"line":43,"column":22},"end":{"line":43,"column":45}},"13":{"start":{"line":44,"column":23},"end":{"line":44,"column":40}},"14":{"start":{"line":46,"column":8},"end":{"line":46,"column":41}},"15":{"start":{"line":46,"column":29},"end":{"line":46,"column":41}},"16":{"start":{"line":48,"column":8},"end":{"line":48,"column":43}},"17":{"start":{"line":48,"column":31},"end":{"line":48,"column":43}},"18":{"start":{"line":50,"column":8},"end":{"line":50,"column":25}},"19":{"start":{"line":52,"column":8},"end":{"line":52,"column":20}},"20":{"start":{"line":57,"column":4},"end":{"line":57,"column":143}},"21":{"start":{"line":57,"column":15},"end":{"line":57,"column":143}},"22":{"start":{"line":61,"column":4},"end":{"line":72,"column":10}},"23":{"start":{"line":62,"column":8},"end":{"line":72,"column":10}},"24":{"start":{"line":76,"column":4},"end":{"line":87,"column":10}},"25":{"start":{"line":77,"column":8},"end":{"line":87,"column":10}},"26":{"start":{"line":91,"column":4},"end":{"line":102,"column":10}},"27":{"start":{"line":92,"column":8},"end":{"line":102,"column":10}},"28":{"start":{"line":105,"column":16},"end":{"line":112,"column":2}},"29":{"start":{"line":127,"column":0},"end":{"line":127,"column":29}},"30":{"start":{"line":129,"column":0},"end":{"line":129,"column":23}}},"fnMap":{"0":{"name":"getCallingFunction","decl":{"start":{"line":36,"column":16},"end":{"line":36,"column":34}},"loc":{"start":{"line":36,"column":47},"end":{"line":54,"column":1}}},"1":{"name":"log","decl":{"start":{"line":56,"column":16},"end":{"line":56,"column":19}},"loc":{"start":{"line":56,"column":59},"end":{"line":58,"column":1}}},"2":{"name":"info","decl":{"start":{"line":60,"column":16},"end":{"line":60,"column":20}},"loc":{"start":{"line":60,"column":60},"end":{"line":73,"column":1}}},"3":{"name":"warn","decl":{"start":{"line":75,"column":16},"end":{"line":75,"column":20}},"loc":{"start":{"line":75,"column":60},"end":{"line":88,"column":1}}},"4":{"name":"error","decl":{"start":{"line":90,"column":16},"end":{"line":90,"column":21}},"loc":{"start":{"line":90,"column":61},"end":{"line":103,"column":1}}}},"branchMap":{"0":{"loc":{"start":{"line":40,"column":8},"end":{"line":40,"column":45}},"type":"if","locations":[{"start":{"line":40,"column":8},"end":{"line":40,"column":45}}]},"1":{"loc":{"start":{"line":46,"column":8},"end":{"line":46,"column":41}},"type":"if","locations":[{"start":{"line":46,"column":8},"end":{"line":46,"column":41}}]},"2":{"loc":{"start":{"line":48,"column":8},"end":{"line":48,"column":43}},"type":"if","locations":[{"start":{"line":48,"column":8},"end":{"line":48,"column":43}}]},"3":{"loc":{"start":{"line":57,"column":4},"end":{"line":57,"column":143}},"type":"if","locations":[{"start":{"line":57,"column":4},"end":{"line":57,"column":143}}]},"4":{"loc":{"start":{"line":61,"column":4},"end":{"line":72,"column":10}},"type":"if","locations":[{"start":{"line":61,"column":4},"end":{"line":72,"column":10}}]},"5":{"loc":{"start":{"line":76,"column":4},"end":{"line":87,"column":10}},"type":"if","locations":[{"start":{"line":76,"column":4},"end":{"line":87,"column":10}}]},"6":{"loc":{"start":{"line":91,"column":4},"end":{"line":102,"column":10}},"type":"if","locations":[{"start":{"line":91,"column":4},"end":{"line":102,"column":10}}]}},"s":{"0":1,"1":1,"2":1,"3":1,"4":1,"5":1,"6":1,"7":0,"8":0,"9":0,"10":0,"11":0,"12":0,"13":0,"14":0,"15":0,"16":0,"17":0,"18":0,"19":0,"20":22,"21":0,"22":0,"23":0,"24":0,"25":0,"26":0,"27":0,"28":1,"29":1,"30":1},"f":{"0":0,"1":22,"2":0,"3":0,"4":0},"b":{"0":[0],"1":[0],"2":[0],"3":[0],"4":[0],"5":[0],"6":[0]}}
,"D:\\ASA_Colobri\\Git_Ripository\\TodoList_Test\\src\\controllers\\TaskController.ts": {"path":"D:\\ASA_Colobri\\Git_Ripository\\TodoList_Test\\src\\controllers\\TaskController.ts","statementMap":{"0":{"start":{"line":2,"column":0},"end":{"line":2,"column":34}},"1":{"start":{"line":5,"column":17},"end":{"line":18,"column":2}},"2":{"start":{"line":5,"column":75},"end":{"line":18,"column":2}},"3":{"start":{"line":6,"column":4},"end":{"line":17,"column":5}},"4":{"start":{"line":7,"column":28},"end":{"line":7,"column":48}},"5":{"start":{"line":9,"column":23},"end":{"line":9,"column":92}},"6":{"start":{"line":10,"column":8},"end":{"line":10,"column":30}},"7":{"start":{"line":13,"column":8},"end":{"line":13,"column":30}},"8":{"start":{"line":15,"column":8},"end":{"line":15,"column":41}},"9":{"start":{"line":16,"column":8},"end":{"line":16,"column":73}},"10":{"start":{"line":20,"column":19},"end":{"line":41,"column":2}},"11":{"start":{"line":20,"column":77},"end":{"line":41,"column":2}},"12":{"start":{"line":21,"column":4},"end":{"line":40,"column":5}},"13":{"start":{"line":23,"column":57},"end":{"line":23,"column":65}},"14":{"start":{"line":26,"column":23},"end":{"line":26,"column":43}},"15":{"start":{"line":27,"column":22},"end":{"line":30,"column":30}},"16":{"start":{"line":31,"column":23},"end":{"line":31,"column":61}},"17":{"start":{"line":32,"column":23},"end":{"line":32,"column":76}},"18":{"start":{"line":33,"column":8},"end":{"line":33,"column":25}},"19":{"start":{"line":35,"column":26},"end":{"line":35,"column":47}},"20":{"start":{"line":36,"column":8},"end":{"line":36,"column":90}},"21":{"start":{"line":38,"column":8},"end":{"line":38,"column":39}},"22":{"start":{"line":39,"column":8},"end":{"line":39,"column":64}},"23":{"start":{"line":43,"column":19},"end":{"line":67,"column":2}},"24":{"start":{"line":43,"column":77},"end":{"line":67,"column":2}},"25":{"start":{"line":44,"column":4},"end":{"line":66,"column":5}},"26":{"start":{"line":45,"column":23},"end":{"line":45,"column":36}},"27":{"start":{"line":46,"column":20},"end":{"line":46,"column":30}},"28":{"start":{"line":47,"column":8},"end":{"line":47,"column":28}},"29":{"start":{"line":51,"column":23},"end":{"line":51,"column":43}},"30":{"start":{"line":52,"column":22},"end":{"line":55,"column":31}},"31":{"start":{"line":56,"column":23},"end":{"line":56,"column":36}},"32":{"start":{"line":58,"column":8},"end":{"line":58,"column":42}},"33":{"start":{"line":59,"column":8},"end":{"line":59,"column":27}},"34":{"start":{"line":60,"column":8},"end":{"line":60,"column":25}},"35":{"start":{"line":62,"column":8},"end":{"line":62,"column":73}},"36":{"start":{"line":64,"column":8},"end":{"line":64,"column":39}},"37":{"start":{"line":65,"column":8},"end":{"line":65,"column":64}},"38":{"start":{"line":71,"column":20},"end":{"line":83,"column":2}},"39":{"start":{"line":71,"column":72},"end":{"line":83,"column":2}},"40":{"start":{"line":72,"column":4},"end":{"line":82,"column":5}},"41":{"start":{"line":73,"column":28},"end":{"line":73,"column":48}},"42":{"start":{"line":74,"column":23},"end":{"line":74,"column":120}},"43":{"start":{"line":75,"column":8},"end":{"line":75,"column":30}},"44":{"start":{"line":77,"column":8},"end":{"line":77,"column":84}},"45":{"start":{"line":78,"column":8},"end":{"line":78,"column":38}},"46":{"start":{"line":80,"column":8},"end":{"line":80,"column":53}},"47":{"start":{"line":81,"column":8},"end":{"line":81,"column":20}},"48":{"start":{"line":85,"column":29},"end":{"line":108,"column":2}},"49":{"start":{"line":85,"column":104},"end":{"line":108,"column":2}},"50":{"start":{"line":86,"column":4},"end":{"line":107,"column":5}},"51":{"start":{"line":87,"column":28},"end":{"line":87,"column":48}},"52":{"start":{"line":88,"column":29},"end":{"line":88,"column":54}},"53":{"start":{"line":90,"column":8},"end":{"line":92,"column":9}},"54":{"start":{"line":91,"column":12},"end":{"line":91,"column":46}},"55":{"start":{"line":95,"column":8},"end":{"line":101,"column":11}},"56":{"start":{"line":103,"column":8},"end":{"line":103,"column":30}},"57":{"start":{"line":105,"column":8},"end":{"line":105,"column":53}},"58":{"start":{"line":106,"column":8},"end":{"line":106,"column":49}},"59":{"start":{"line":110,"column":29},"end":{"line":140,"column":2}},"60":{"start":{"line":110,"column":87},"end":{"line":140,"column":2}},"61":{"start":{"line":111,"column":4},"end":{"line":139,"column":5}},"62":{"start":{"line":112,"column":23},"end":{"line":112,"column":36}},"63":{"start":{"line":113,"column":29},"end":{"line":113,"column":54}},"64":{"start":{"line":115,"column":29},"end":{"line":115,"column":49}},"65":{"start":{"line":116,"column":8},"end":{"line":118,"column":9}},"66":{"start":{"line":117,"column":12},"end":{"line":117,"column":46}},"67":{"start":{"line":120,"column":8},"end":{"line":122,"column":9}},"68":{"start":{"line":121,"column":12},"end":{"line":121,"column":69}},"69":{"start":{"line":125,"column":50},"end":{"line":130,"column":10}},"70":{"start":{"line":133,"column":8},"end":{"line":133,"column":58}},"71":{"start":{"line":135,"column":8},"end":{"line":135,"column":71}},"72":{"start":{"line":137,"column":8},"end":{"line":137,"column":39}},"73":{"start":{"line":138,"column":8},"end":{"line":138,"column":64}},"74":{"start":{"line":144,"column":19},"end":{"line":178,"column":2}},"75":{"start":{"line":144,"column":77},"end":{"line":178,"column":2}},"76":{"start":{"line":145,"column":4},"end":{"line":177,"column":5}},"77":{"start":{"line":146,"column":23},"end":{"line":146,"column":36}},"78":{"start":{"line":147,"column":29},"end":{"line":147,"column":54}},"79":{"start":{"line":150,"column":29},"end":{"line":150,"column":49}},"80":{"start":{"line":151,"column":8},"end":{"line":153,"column":9}},"81":{"start":{"line":152,"column":12},"end":{"line":152,"column":46}},"82":{"start":{"line":156,"column":8},"end":{"line":158,"column":9}},"83":{"start":{"line":157,"column":12},"end":{"line":157,"column":69}},"84":{"start":{"line":160,"column":20},"end":{"line":160,"column":53}},"85":{"start":{"line":163,"column":23},"end":{"line":163,"column":43}},"86":{"start":{"line":164,"column":22},"end":{"line":167,"column":30}},"87":{"start":{"line":168,"column":23},"end":{"line":168,"column":36}},"88":{"start":{"line":169,"column":23},"end":{"line":169,"column":76}},"89":{"start":{"line":170,"column":8},"end":{"line":170,"column":25}},"90":{"start":{"line":172,"column":26},"end":{"line":172,"column":47}},"91":{"start":{"line":173,"column":8},"end":{"line":173,"column":90}},"92":{"start":{"line":175,"column":8},"end":{"line":175,"column":39}},"93":{"start":{"line":176,"column":8},"end":{"line":176,"column":64}},"94":{"start":{"line":180,"column":0},"end":{"line":180,"column":86}}},"fnMap":{"0":{"name":"(anonymous_8)","decl":{"start":{"line":5,"column":17},"end":{"line":5,"column":24}},"loc":{"start":{"line":5,"column":75},"end":{"line":18,"column":2}}},"1":{"name":"(anonymous_9)","decl":{"start":{"line":5,"column":75},"end":{"line":5,"column":null}},"loc":{"start":{"line":5,"column":75},"end":{"line":18,"column":1}}},"2":{"name":"(anonymous_10)","decl":{"start":{"line":20,"column":19},"end":{"line":20,"column":26}},"loc":{"start":{"line":20,"column":77},"end":{"line":41,"column":2}}},"3":{"name":"(anonymous_11)","decl":{"start":{"line":20,"column":77},"end":{"line":20,"column":null}},"loc":{"start":{"line":20,"column":77},"end":{"line":41,"column":1}}},"4":{"name":"(anonymous_12)","decl":{"start":{"line":43,"column":19},"end":{"line":43,"column":26}},"loc":{"start":{"line":43,"column":77},"end":{"line":67,"column":2}}},"5":{"name":"(anonymous_13)","decl":{"start":{"line":43,"column":77},"end":{"line":43,"column":null}},"loc":{"start":{"line":43,"column":77},"end":{"line":67,"column":1}}},"6":{"name":"(anonymous_14)","decl":{"start":{"line":71,"column":20},"end":{"line":71,"column":27}},"loc":{"start":{"line":71,"column":72},"end":{"line":83,"column":2}}},"7":{"name":"(anonymous_15)","decl":{"start":{"line":71,"column":72},"end":{"line":71,"column":null}},"loc":{"start":{"line":71,"column":72},"end":{"line":83,"column":1}}},"8":{"name":"(anonymous_16)","decl":{"start":{"line":85,"column":29},"end":{"line":85,"column":36}},"loc":{"start":{"line":85,"column":104},"end":{"line":108,"column":2}}},"9":{"name":"(anonymous_17)","decl":{"start":{"line":85,"column":104},"end":{"line":85,"column":null}},"loc":{"start":{"line":85,"column":104},"end":{"line":108,"column":1}}},"10":{"name":"(anonymous_18)","decl":{"start":{"line":110,"column":29},"end":{"line":110,"column":36}},"loc":{"start":{"line":110,"column":87},"end":{"line":140,"column":2}}},"11":{"name":"(anonymous_19)","decl":{"start":{"line":110,"column":87},"end":{"line":110,"column":null}},"loc":{"start":{"line":110,"column":87},"end":{"line":140,"column":1}}},"12":{"name":"(anonymous_20)","decl":{"start":{"line":144,"column":19},"end":{"line":144,"column":26}},"loc":{"start":{"line":144,"column":77},"end":{"line":178,"column":2}}},"13":{"name":"(anonymous_21)","decl":{"start":{"line":144,"column":77},"end":{"line":144,"column":null}},"loc":{"start":{"line":144,"column":77},"end":{"line":178,"column":1}}}},"branchMap":{"0":{"loc":{"start":{"line":78,"column":15},"end":{"line":78,"column":37}},"type":"binary-expr","locations":[{"start":{"line":78,"column":15},"end":{"line":78,"column":29}},{"start":{"line":78,"column":33},"end":{"line":78,"column":37}}]},"1":{"loc":{"start":{"line":90,"column":8},"end":{"line":92,"column":9}},"type":"if","locations":[{"start":{"line":90,"column":8},"end":{"line":92,"column":9}}]},"2":{"loc":{"start":{"line":116,"column":8},"end":{"line":118,"column":9}},"type":"if","locations":[{"start":{"line":116,"column":8},"end":{"line":118,"column":9}}]},"3":{"loc":{"start":{"line":116,"column":12},"end":{"line":116,"column":52}},"type":"binary-expr","locations":[{"start":{"line":116,"column":12},"end":{"line":116,"column":31}},{"start":{"line":116,"column":35},"end":{"line":116,"column":52}}]},"4":{"loc":{"start":{"line":120,"column":8},"end":{"line":122,"column":9}},"type":"if","locations":[{"start":{"line":120,"column":8},"end":{"line":122,"column":9}}]},"5":{"loc":{"start":{"line":126,"column":19},"end":{"line":126,"column":55}},"type":"binary-expr","locations":[{"start":{"line":126,"column":19},"end":{"line":126,"column":33}},{"start":{"line":126,"column":37},"end":{"line":126,"column":55}}]},"6":{"loc":{"start":{"line":127,"column":29},"end":{"line":127,"column":85}},"type":"binary-expr","locations":[{"start":{"line":127,"column":29},"end":{"line":127,"column":53}},{"start":{"line":127,"column":57},"end":{"line":127,"column":85}}]},"7":{"loc":{"start":{"line":128,"column":26},"end":{"line":128,"column":76}},"type":"binary-expr","locations":[{"start":{"line":128,"column":26},"end":{"line":128,"column":47}},{"start":{"line":128,"column":51},"end":{"line":128,"column":76}}]},"8":{"loc":{"start":{"line":129,"column":24},"end":{"line":129,"column":70}},"type":"binary-expr","locations":[{"start":{"line":129,"column":24},"end":{"line":129,"column":43}},{"start":{"line":129,"column":47},"end":{"line":129,"column":70}}]},"9":{"loc":{"start":{"line":151,"column":8},"end":{"line":153,"column":9}},"type":"if","locations":[{"start":{"line":151,"column":8},"end":{"line":153,"column":9}}]},"10":{"loc":{"start":{"line":151,"column":12},"end":{"line":151,"column":52}},"type":"binary-expr","locations":[{"start":{"line":151,"column":12},"end":{"line":151,"column":31}},{"start":{"line":151,"column":35},"end":{"line":151,"column":52}}]},"11":{"loc":{"start":{"line":156,"column":8},"end":{"line":158,"column":9}},"type":"if","locations":[{"start":{"line":156,"column":8},"end":{"line":158,"column":9}}]},"12":{"loc":{"start":{"line":160,"column":20},"end":{"line":160,"column":53}},"type":"binary-expr","locations":[{"start":{"line":160,"column":20},"end":{"line":160,"column":39}},{"start":{"line":160,"column":43},"end":{"line":160,"column":53}}]}},"s":{"0":1,"1":1,"2":0,"3":0,"4":0,"5":0,"6":0,"7":0,"8":0,"9":0,"10":1,"11":0,"12":0,"13":0,"14":0,"15":0,"16":0,"17":0,"18":0,"19":0,"20":0,"21":0,"22":0,"23":1,"24":1,"25":1,"26":1,"27":1,"28":1,"29":1,"30":1,"31":1,"32":1,"33":1,"34":1,"35":1,"36":0,"37":0,"38":1,"39":0,"40":0,"41":0,"42":0,"43":0,"44":0,"45":0,"46":0,"47":0,"48":1,"49":0,"50":0,"51":0,"52":0,"53":0,"54":0,"55":0,"56":0,"57":0,"58":0,"59":1,"60":0,"61":0,"62":0,"63":0,"64":0,"65":0,"66":0,"67":0,"68":0,"69":0,"70":0,"71":0,"72":0,"73":0,"74":1,"75":0,"76":0,"77":0,"78":0,"79":0,"80":0,"81":0,"82":0,"83":0,"84":0,"85":0,"86":0,"87":0,"88":0,"89":0,"90":0,"91":0,"92":0,"93":0,"94":1},"f":{"0":0,"1":0,"2":0,"3":0,"4":1,"5":1,"6":0,"7":0,"8":0,"9":0,"10":0,"11":0,"12":0,"13":0},"b":{"0":[0,0],"1":[0],"2":[0],"3":[0,0],"4":[0],"5":[0,0],"6":[0,0],"7":[0,0],"8":[0,0],"9":[0],"10":[0,0],"11":[0],"12":[0,0]}}
,"D:\\ASA_Colobri\\Git_Ripository\\TodoList_Test\\src\\middleware\\corsHandler.ts": {"path":"D:\\ASA_Colobri\\Git_Ripository\\TodoList_Test\\src\\middleware\\corsHandler.ts","statementMap":{"0":{"start":{"line":3,"column":0},"end":{"line":3,"column":16}},"1":{"start":{"line":4,"column":4},"end":{"line":4,"column":68}},"2":{"start":{"line":5,"column":4},"end":{"line":5,"column":112}},"3":{"start":{"line":6,"column":4},"end":{"line":6,"column":59}},"4":{"start":{"line":8,"column":4},"end":{"line":11,"column":5}},"5":{"start":{"line":9,"column":8},"end":{"line":9,"column":84}},"6":{"start":{"line":10,"column":8},"end":{"line":10,"column":40}},"7":{"start":{"line":13,"column":4},"end":{"line":13,"column":11}}},"fnMap":{"0":{"name":"corsHandler","decl":{"start":{"line":3,"column":16},"end":{"line":3,"column":27}},"loc":{"start":{"line":3,"column":75},"end":{"line":14,"column":1}}}},"branchMap":{"0":{"loc":{"start":{"line":8,"column":4},"end":{"line":11,"column":5}},"type":"if","locations":[{"start":{"line":8,"column":4},"end":{"line":11,"column":5}}]}},"s":{"0":1,"1":2,"2":2,"3":2,"4":2,"5":1,"6":1,"7":1},"f":{"0":2},"b":{"0":[1]}}
,"D:\\ASA_Colobri\\Git_Ripository\\TodoList_Test\\src\\middleware\\loggingHandler.ts": {"path":"D:\\ASA_Colobri\\Git_Ripository\\TodoList_Test\\src\\middleware\\loggingHandler.ts","statementMap":{"0":{"start":{"line":3,"column":0},"end":{"line":3,"column":16}},"1":{"start":{"line":4,"column":4},"end":{"line":4,"column":111}},"2":{"start":{"line":6,"column":4},"end":{"line":8,"column":7}},"3":{"start":{"line":7,"column":8},"end":{"line":7,"column":142}},"4":{"start":{"line":10,"column":4},"end":{"line":10,"column":11}}},"fnMap":{"0":{"name":"loggingHandler","decl":{"start":{"line":3,"column":16},"end":{"line":3,"column":30}},"loc":{"start":{"line":3,"column":78},"end":{"line":11,"column":1}}},"1":{"name":"(anonymous_1)","decl":{"start":{"line":6,"column":21},"end":{"line":6,"column":24}},"loc":{"start":{"line":6,"column":26},"end":{"line":8,"column":5}}}},"branchMap":{},"s":{"0":1,"1":2,"2":2,"3":2,"4":2},"f":{"0":2,"1":2},"b":{}}
,"D:\\ASA_Colobri\\Git_Ripository\\TodoList_Test\\src\\middleware\\routeNotFound.ts": {"path":"D:\\ASA_Colobri\\Git_Ripository\\TodoList_Test\\src\\middleware\\routeNotFound.ts","statementMap":{"0":{"start":{"line":3,"column":0},"end":{"line":3,"column":16}},"1":{"start":{"line":4,"column":18},"end":{"line":4,"column":40}},"2":{"start":{"line":5,"column":4},"end":{"line":5,"column":27}},"3":{"start":{"line":7,"column":4},"end":{"line":11,"column":7}}},"fnMap":{"0":{"name":"routeNotFound","decl":{"start":{"line":3,"column":16},"end":{"line":3,"column":29}},"loc":{"start":{"line":3,"column":77},"end":{"line":12,"column":1}}}},"branchMap":{},"s":{"0":1,"1":0,"2":0,"3":0},"f":{"0":0},"b":{}}
,"D:\\ASA_Colobri\\Git_Ripository\\TodoList_Test\\src\\routes\\TaskRoute.ts": {"path":"D:\\ASA_Colobri\\Git_Ripository\\TodoList_Test\\src\\routes\\TaskRoute.ts","statementMap":{"0":{"start":{"line":1,"column":0},"end":{"line":1,"column":30}},"1":{"start":{"line":2,"column":0},"end":{"line":2,"column":59}},"2":{"start":{"line":4,"column":15},"end":{"line":4,"column":31}},"3":{"start":{"line":6,"column":0},"end":{"line":6,"column":49}},"4":{"start":{"line":8,"column":0},"end":{"line":8,"column":54}},"5":{"start":{"line":9,"column":0},"end":{"line":9,"column":58}},"6":{"start":{"line":10,"column":0},"end":{"line":10,"column":78}},"7":{"start":{"line":11,"column":0},"end":{"line":11,"column":58}},"8":{"start":{"line":13,"column":0},"end":{"line":13,"column":16}}},"fnMap":{},"branchMap":{},"s":{"0":1,"1":1,"2":1,"3":1,"4":1,"5":1,"6":1,"7":1,"8":1},"f":{},"b":{}}
}
