TN:
SF:src\dbConnexion.ts
FNF:0
FNH:0
DA:1,1
DA:3,1
DA:11,1
LF:3
LH:3
BRDA:4,0,0,1
BRDA:4,0,1,1
BRDA:5,1,0,1
BRDA:5,1,1,1
BRDA:6,2,0,1
BRDA:6,2,1,1
BRDA:7,3,0,1
BRDA:7,3,1,1
BRDA:8,4,0,1
BRDA:8,4,1,1
BRF:10
BRH:10
end_of_record
TN:
SF:src\server.ts
FN:14,(anonymous_1)
FN:30,(anonymous_2)
FN:46,(anonymous_3)
FN:53,(anonymous_4)
FNF:4
FNH:3
FNDA:1,(anonymous_1)
FNDA:0,(anonymous_2)
FNDA:1,(anonymous_3)
FNDA:1,(anonymous_4)
DA:1,1
DA:2,1
DA:3,1
DA:5,1
DA:6,1
DA:7,1
DA:8,1
DA:9,1
DA:11,1
DA:14,1
DA:15,1
DA:16,1
DA:17,1
DA:18,1
DA:19,1
DA:21,1
DA:22,1
DA:23,1
DA:24,1
DA:25,1
DA:27,1
DA:28,1
DA:29,1
DA:30,1
DA:31,0
DA:35,1
DA:37,1
DA:38,1
DA:39,1
DA:40,1
DA:42,1
DA:43,1
DA:44,1
DA:45,1
DA:46,1
DA:47,1
DA:48,1
DA:49,1
DA:53,1
DA:55,1
LF:40
LH:39
BRDA:53,0,0,1
BRDA:53,0,1,1
BRF:2
BRH:2
end_of_record
TN:
SF:src\config\config.ts
FNF:0
FNH:0
DA:1,1
DA:3,1
DA:5,1
DA:6,1
DA:8,1
DA:9,1
DA:11,1
LF:7
LH:7
BRDA:8,0,0,1
BRDA:8,0,1,0
BRDA:9,1,0,1
BRDA:9,1,1,0
BRF:4
BRH:2
end_of_record
TN:
SF:src\config\logging.ts
FN:36,getCallingFunction
FN:56,log
FN:60,info
FN:75,warn
FN:90,error
FNF:5
FNH:1
FNDA:0,getCallingFunction
FNDA:22,log
FNDA:0,info
FNDA:0,warn
FNDA:0,error
DA:1,1
DA:3,1
DA:36,1
DA:37,0
DA:38,0
DA:40,0
DA:42,0
DA:43,0
DA:44,0
DA:46,0
DA:48,0
DA:50,0
DA:52,0
DA:56,1
DA:57,22
DA:60,1
DA:61,0
DA:62,0
DA:75,1
DA:76,0
DA:77,0
DA:90,1
DA:91,0
DA:92,0
DA:105,1
DA:127,1
DA:129,1
LF:27
LH:11
BRDA:40,0,0,0
BRDA:46,1,0,0
BRDA:48,2,0,0
BRDA:57,3,0,0
BRDA:61,4,0,0
BRDA:76,5,0,0
BRDA:91,6,0,0
BRF:7
BRH:0
end_of_record
TN:
SF:src\controllers\TaskController.ts
FN:5,(anonymous_8)
FN:5,(anonymous_9)
FN:20,(anonymous_10)
FN:20,(anonymous_11)
FN:43,(anonymous_12)
FN:43,(anonymous_13)
FN:71,(anonymous_14)
FN:71,(anonymous_15)
FN:85,(anonymous_16)
FN:85,(anonymous_17)
FN:110,(anonymous_18)
FN:110,(anonymous_19)
FN:144,(anonymous_20)
FN:144,(anonymous_21)
FNF:14
FNH:2
FNDA:0,(anonymous_8)
FNDA:0,(anonymous_9)
FNDA:0,(anonymous_10)
FNDA:0,(anonymous_11)
FNDA:1,(anonymous_12)
FNDA:1,(anonymous_13)
FNDA:0,(anonymous_14)
FNDA:0,(anonymous_15)
FNDA:0,(anonymous_16)
FNDA:0,(anonymous_17)
FNDA:0,(anonymous_18)
FNDA:0,(anonymous_19)
FNDA:0,(anonymous_20)
FNDA:0,(anonymous_21)
DA:2,1
DA:5,1
DA:6,0
DA:7,0
DA:9,0
DA:10,0
DA:13,0
DA:15,0
DA:16,0
DA:20,1
DA:21,0
DA:23,0
DA:26,0
DA:27,0
DA:31,0
DA:32,0
DA:33,0
DA:35,0
DA:36,0
DA:38,0
DA:39,0
DA:43,1
DA:44,1
DA:45,1
DA:46,1
DA:47,1
DA:51,1
DA:52,1
DA:56,1
DA:58,1
DA:59,1
DA:60,1
DA:62,1
DA:64,0
DA:65,0
DA:71,1
DA:72,0
DA:73,0
DA:74,0
DA:75,0
DA:77,0
DA:78,0
DA:80,0
DA:81,0
DA:85,1
DA:86,0
DA:87,0
DA:88,0
DA:90,0
DA:91,0
DA:95,0
DA:103,0
DA:105,0
DA:106,0
DA:110,1
DA:111,0
DA:112,0
DA:113,0
DA:115,0
DA:116,0
DA:117,0
DA:120,0
DA:121,0
DA:125,0
DA:133,0
DA:135,0
DA:137,0
DA:138,0
DA:144,1
DA:145,0
DA:146,0
DA:147,0
DA:150,0
DA:151,0
DA:152,0
DA:156,0
DA:157,0
DA:160,0
DA:163,0
DA:164,0
DA:168,0
DA:169,0
DA:170,0
DA:172,0
DA:173,0
DA:175,0
DA:176,0
DA:180,1
LF:88
LH:20
BRDA:78,0,0,0
BRDA:78,0,1,0
BRDA:90,1,0,0
BRDA:116,2,0,0
BRDA:116,3,0,0
BRDA:116,3,1,0
BRDA:120,4,0,0
BRDA:126,5,0,0
BRDA:126,5,1,0
BRDA:127,6,0,0
BRDA:127,6,1,0
BRDA:128,7,0,0
BRDA:128,7,1,0
BRDA:129,8,0,0
BRDA:129,8,1,0
BRDA:151,9,0,0
BRDA:151,10,0,0
BRDA:151,10,1,0
BRDA:156,11,0,0
BRDA:160,12,0,0
BRDA:160,12,1,0
BRF:21
BRH:0
end_of_record
TN:
SF:src\middleware\corsHandler.ts
FN:3,corsHandler
FNF:1
FNH:1
FNDA:2,corsHandler
DA:3,1
DA:4,2
DA:5,2
DA:6,2
DA:8,2
DA:9,1
DA:10,1
DA:13,1
LF:8
LH:8
BRDA:8,0,0,1
BRF:1
BRH:1
end_of_record
TN:
SF:src\middleware\loggingHandler.ts
FN:3,loggingHandler
FN:6,(anonymous_1)
FNF:2
FNH:2
FNDA:2,loggingHandler
FNDA:2,(anonymous_1)
DA:3,1
DA:4,2
DA:6,2
DA:7,2
DA:10,2
LF:5
LH:5
BRF:0
BRH:0
end_of_record
TN:
SF:src\middleware\routeNotFound.ts
FN:3,routeNotFound
FNF:1
FNH:0
FNDA:0,routeNotFound
DA:3,1
DA:4,0
DA:5,0
DA:7,0
LF:4
LH:1
BRF:0
BRH:0
end_of_record
TN:
SF:src\routes\TaskRoute.ts
FNF:0
FNH:0
DA:1,1
DA:2,1
DA:4,1
DA:6,1
DA:8,1
DA:9,1
DA:10,1
DA:11,1
DA:13,1
LF:9
LH:9
BRF:0
BRH:0
end_of_record
